2020-12-21 23:33:25 [ INFO ] - [ com.learn.StreamTest.mapGetColumn(StreamTest.java:37) ] test
2020-12-21 23:34:55 [INFO] - [com.learn.StreamTest.mapGetColumn(StreamTest.java:37)] test
2020-12-21 23:35:33 [INFO] - [com.learn.StreamTest.mapGetColumn(StreamTest.java:37)] test
2020-12-21 23:36:34[INFO][com.learn.StreamTest.mapGetColumn(StreamTest.java:37)] test
2020-12-21 23:37:00[INFO][com.learn.StreamTest.mapGetColumn(StreamTest.java:37)] test
2020-12-21 23:37:52[INFO][com.learn.StreamTest.mapGetColumn(StreamTest.java:37)] test
2020-12-21 23:38:38[INFO][com.learn.StreamTest.mapGetColumn(StreamTest.java:37)] test
2020-12-21 23:39:00[INFO][com.learn.StreamTest.mapGetColumn(StreamTest.java:37)] test
2020-12-21 23:39:30[INFO][com.learn.StreamTest.mapGetColumn(StreamTest.java:37)] test
2020-12-21 23:42:18[INFO][com.learn.StreamTest.mapGetColumn(StreamTest.java:38)] 取总数据中的cnName列["zsan","lisi","jerry","jams","jerry","tom"]
2020-12-21 23:45:27[INFO][com.learn.StreamTest.mapGetColumn(StreamTest.java:39)] 取cnName列,["zsan","lisi","jerry","jams","jerry","tom"].
2020-12-21 23:45:27[INFO][com.learn.StreamTest.mapGetColumn(StreamTest.java:42)] 取cnName列,["zsan","lisi","jerry","jams","tom"],并用distinct去重
2020-12-21 23:45:27[INFO][com.learn.StreamTest.mapGetColumn(StreamTest.java:45)] 取cnName列,["lisi","tom","jerry","jams","zsan"],并用收集方法的toSet()方法去重
2020-12-21 23:46:47[INFO][com.learn.StreamTest.mapGetColumn(StreamTest.java:39)] 取cnName列,["zsan","lisi","jerry","jams","jerry","tom"].
2020-12-21 23:46:47[INFO][com.learn.StreamTest.mapGetColumn(StreamTest.java:42)] 取cnName列,[22,28,35,12,4],并用distinct去重
2020-12-21 23:46:47[INFO][com.learn.StreamTest.mapGetColumn(StreamTest.java:45)] 取cnName列,[35,4,22,28,12],并用收集方法的toSet()方法去重
2020-12-21 23:52:29[INFO][com.learn.StreamTest.mapGetColumn(StreamTest.java:40)] 取cnName列,["zsan","lisi","jerry","jams","jerry","tom"].
2020-12-21 23:52:29[INFO][com.learn.StreamTest.mapGetColumn(StreamTest.java:43)] 取cnName列,[22,28,35,12,4],并用distinct去重
2020-12-21 23:52:29[INFO][com.learn.StreamTest.mapGetColumn(StreamTest.java:46)] 取cnName列,[35,4,22,28,12],并用收集方法的toSet()方法去重
2020-12-21 23:52:29[INFO][com.learn.StreamTest.mapGetColumn(StreamTest.java:55)] 取cnName列(不推荐),["zsan","lisi","jerry","jams","jerry","tom"].
2020-12-21 23:52:29[INFO][com.learn.StreamTest.mapGetColumn(StreamTest.java:60)] 取cnName列(不推荐),["zsan","lisi","jerry","jams","jerry","tom"].
2020-12-21 23:52:58[INFO][com.learn.StreamTest.mapGetColumn(StreamTest.java:40)] 取cnName列,["张三","李四","郭杰瑞","詹姆斯","米老鼠","汤姆猫"].
2020-12-21 23:52:58[INFO][com.learn.StreamTest.mapGetColumn(StreamTest.java:43)] 取cnName列,[22,28,35,12,4],并用distinct去重
2020-12-21 23:52:58[INFO][com.learn.StreamTest.mapGetColumn(StreamTest.java:46)] 取cnName列,[35,4,22,28,12],并用收集方法的toSet()方法去重
2020-12-21 23:52:58[INFO][com.learn.StreamTest.mapGetColumn(StreamTest.java:55)] 取cnName列(不推荐),["张三","李四","郭杰瑞","詹姆斯","米老鼠","汤姆猫"].
2020-12-21 23:52:58[INFO][com.learn.StreamTest.mapGetColumn(StreamTest.java:60)] 取cnName列(不推荐),["张三","李四","郭杰瑞","詹姆斯","米老鼠","汤姆猫"].
2020-12-21 23:54:41[INFO][com.learn.StreamTest.mapGetColumn(StreamTest.java:40)] ["张三","李四","郭杰瑞","詹姆斯","米老鼠","汤姆猫"].取cnName列
2020-12-21 23:54:41[INFO][com.learn.StreamTest.mapGetColumn(StreamTest.java:43)] [22,28,35,12,4].取age列,并用distinct去重
2020-12-21 23:54:41[INFO][com.learn.StreamTest.mapGetColumn(StreamTest.java:46)] [35,4,22,28,12].取age列,并用收集方法的toSet()方法去重
2020-12-21 23:54:41[INFO][com.learn.StreamTest.mapGetColumn(StreamTest.java:54)] ["张三","李四","郭杰瑞","詹姆斯","米老鼠","汤姆猫"].取cnName列(不推荐)
2020-12-21 23:54:41[INFO][com.learn.StreamTest.mapGetColumn(StreamTest.java:59)] ["张三","李四","郭杰瑞","詹姆斯","米老鼠","汤姆猫"].取cnName列(不推荐)
